#
# A fatal error has been detected by the Java Runtime Environment:
#
#  EXCEPTION_ACCESS_VIOLATION (0xc0000005) at pc=0x6d0b6b30, pid=212, tid=7664
#
# JRE version: 6.0_22-b04
# Java VM: Java HotSpot(TM) Client VM (17.1-b03 mixed mode, sharing windows-x86 )
# Problematic frame:
# C  [awt.dll+0xb6b30]
#
# If you would like to submit a bug report, please visit:
#   http://java.sun.com/webapps/bugreport/crash.jsp
# The crash happened outside the Java Virtual Machine in native code.
# See problematic frame for where to report the bug.
#

---------------  T H R E A D  ---------------

Current thread (0x04307000):  JavaThread "AWT-Windows" daemon [_thread_in_native, id=7664, stack(0x04070000,0x040c0000)]

siginfo: ExceptionCode=0xc0000005, reading address 0x00000000

Registers:
EAX=0x040bf4a4, EBX=0x043964c8, ECX=0x00000318, EDX=0x00000180
ESP=0x040bf48c, EBP=0x040bf638, ESI=0x00000000, EDI=0x00000180
EIP=0x6d0b6b30, EFLAGS=0x00010202

Top of Stack: (sp=0x040bf48c)
0x040bf48c:   040bf4a4 00001000 00000387 04301de8
0x040bf49c:   00000166 00000387 04301de8 6d0aed4b
0x040bf4ac:   00000000 04315d20 04301de8 04301de8
0x040bf4bc:   040bf49c 040bf638 000001dd 00000387
0x040bf4cc:   04301de8 6d0b271f 4461c000 43ee8000
0x040bf4dc:   00000387 000001dd 04315d0c 6d0b31e1
0x040bf4ec:   6d0b367d 000002c7 00000000 00000387
0x040bf4fc:   00000166 00009824 04307118 00000001 

Instructions: (pc=0x6d0b6b30)
0x6d0b6b20:   05 00 20 00 00 50 c1 e2 05 8d 44 24 14 50 8b fa
0x6d0b6b30:   8b 16 57 c1 e1 05 51 56 ff 52 2c 85 c0 0f 8c 93 


Stack: [0x04070000,0x040c0000],  sp=0x040bf48c,  free space=13d040befa8k
Native frames: (J=compiled Java code, j=interpreted, Vv=VM code, C=native code)
C  [awt.dll+0xb6b30]
C  [awt.dll+0x9c74c]
C  [USER32.dll+0x186ef]
C  [USER32.dll+0x18876]
C  [USER32.dll+0x170f4]
C  [USER32.dll+0x1738f]
C  [ntdll.dll+0x4642e]
C  [USER32.dll+0x192a9]

Java frames: (J=compiled Java code, j=interpreted, Vv=VM code)
j  sun.awt.windows.WToolkit.eventLoop()V+0
j  sun.awt.windows.WToolkit.run()V+52
j  java.lang.Thread.run()V+11
v  ~StubRoutines::call_stub

---------------  P R O C E S S  ---------------

Java Threads: ( => current thread )
  0x01661c00 JavaThread "AWT-EventQueue-0" [_thread_in_native, id=10732, stack(0x06470000,0x064c0000)]
  0x04499c00 JavaThread "D3D Screen Updater" daemon [_thread_blocked, id=13124, stack(0x07300000,0x07350000)]
  0x000e9c00 JavaThread "DestroyJavaVM" [_thread_blocked, id=6220, stack(0x00330000,0x00380000)]
  0x04499400 JavaThread "TimerQueue" daemon [_thread_blocked, id=12560, stack(0x06fd0000,0x07020000)]
  0x04302c00 JavaThread "derby.antiGC" daemon [_thread_blocked, id=12336, stack(0x07490000,0x074e0000)]
=>0x04307000 JavaThread "AWT-Windows" daemon [_thread_in_native, id=7664, stack(0x04070000,0x040c0000)]
  0x04306c00 JavaThread "AWT-Shutdown" [_thread_blocked, id=13428, stack(0x03e60000,0x03eb0000)]
  0x0440c000 JavaThread "Java2D Disposer" daemon [_thread_blocked, id=8264, stack(0x03d10000,0x03d60000)]
  0x03bed400 JavaThread "Thread-1" daemon [_thread_blocked, id=13260, stack(0x03cc0000,0x03d10000)]
  0x015f9800 JavaThread "Low Memory Detector" daemon [_thread_blocked, id=6308, stack(0x039a0000,0x039f0000)]
  0x015ed800 JavaThread "CompilerThread0" daemon [_thread_blocked, id=10000, stack(0x03950000,0x039a0000)]
  0x015ec800 JavaThread "Attach Listener" daemon [_thread_blocked, id=6192, stack(0x03900000,0x03950000)]
  0x015e9800 JavaThread "Signal Dispatcher" daemon [_thread_blocked, id=13900, stack(0x038b0000,0x03900000)]
  0x015e6800 JavaThread "Finalizer" daemon [_thread_blocked, id=9380, stack(0x03860000,0x038b0000)]
  0x015e1c00 JavaThread "Reference Handler" daemon [_thread_blocked, id=11432, stack(0x03810000,0x03860000)]

Other Threads:
  0x015e0800 VMThread [stack: 0x037c0000,0x03810000] [id=12092]
  0x015fb400 WatcherThread [stack: 0x039f0000,0x03a40000] [id=1496]

VM state:not at safepoint (normal execution)

VM Mutex/Monitor currently owned by a thread: None

Heap
 def new generation   total 4928K, used 2500K [0x23760000, 0x23cb0000, 0x28cb0000)
  eden space 4416K,  55% used [0x23760000, 0x239c1f88, 0x23bb0000)
  from space 512K,  11% used [0x23c30000, 0x23c3f460, 0x23cb0000)
  to   space 512K,   0% used [0x23bb0000, 0x23bb0000, 0x23c30000)
 tenured generation   total 10944K, used 1778K [0x28cb0000, 0x29760000, 0x33760000)
   the space 10944K,  16% used [0x28cb0000, 0x28e6ca48, 0x28e6cc00, 0x29760000)
 compacting perm gen  total 12288K, used 8848K [0x33760000, 0x34360000, 0x37760000)
   the space 12288K,  72% used [0x33760000, 0x34004240, 0x34004400, 0x34360000)
    ro space 10240K,  51% used [0x37760000, 0x37c8baf8, 0x37c8bc00, 0x38160000)
    rw space 12288K,  54% used [0x38160000, 0x387f76d8, 0x387f7800, 0x38d60000)

Dynamic libraries:
0x00400000 - 0x00424000 	C:\Program Files\Java\jre6\bin\javaw.exe
0x77380000 - 0x774bc000 	C:\Windows\SYSTEM32\ntdll.dll
0x75a40000 - 0x75b14000 	C:\Windows\system32\kernel32.dll
0x75700000 - 0x7574a000 	C:\Windows\system32\KERNELBASE.dll
0x76ab0000 - 0x76b50000 	C:\Windows\system32\ADVAPI32.dll
0x76d50000 - 0x76dfc000 	C:\Windows\system32\msvcrt.dll
0x774c0000 - 0x774d9000 	C:\Windows\SYSTEM32\sechost.dll
0x76ca0000 - 0x76d41000 	C:\Windows\system32\RPCRT4.dll
0x774e0000 - 0x775a9000 	C:\Windows\system32\USER32.dll
0x75c70000 - 0x75cbe000 	C:\Windows\system32\GDI32.dll
0x75a20000 - 0x75a2a000 	C:\Windows\system32\LPK.dll
0x757d0000 - 0x7586d000 	C:\Windows\system32\USP10.dll
0x75bf0000 - 0x75c0f000 	C:\Windows\system32\IMM32.DLL
0x75b20000 - 0x75bec000 	C:\Windows\system32\MSCTF.dll
0x7c340000 - 0x7c396000 	C:\Program Files\Java\jre6\bin\msvcr71.dll
0x6d7f0000 - 0x6da97000 	C:\Program Files\Java\jre6\bin\client\jvm.dll
0x73690000 - 0x736c2000 	C:\Windows\system32\WINMM.dll
0x75400000 - 0x7544b000 	C:\Windows\system32\apphelp.dll
0x6d7a0000 - 0x6d7ac000 	C:\Program Files\Java\jre6\bin\verify.dll
0x6d320000 - 0x6d33f000 	C:\Program Files\Java\jre6\bin\java.dll
0x6d280000 - 0x6d288000 	C:\Program Files\Java\jre6\bin\hpi.dll
0x75a10000 - 0x75a15000 	C:\Windows\system32\PSAPI.DLL
0x6d7e0000 - 0x6d7ef000 	C:\Program Files\Java\jre6\bin\zip.dll
0x6d600000 - 0x6d613000 	C:\Program Files\Java\jre6\bin\net.dll
0x76c60000 - 0x76c95000 	C:\Windows\system32\WS2_32.dll
0x75a30000 - 0x75a36000 	C:\Windows\system32\NSI.dll
0x74f40000 - 0x74f7c000 	C:\Windows\system32\mswsock.dll
0x74f30000 - 0x74f36000 	C:\Windows\System32\wship6.dll
0x74a20000 - 0x74a25000 	C:\Windows\System32\wshtcpip.dll
0x74d00000 - 0x74d44000 	C:\Windows\system32\DNSAPI.dll
0x702c0000 - 0x702e7000 	C:\Program Files\Common Files\Microsoft Shared\Windows Live\WLIDNSP.DLL
0x75cc0000 - 0x75d17000 	C:\Windows\system32\SHLWAPI.dll
0x731d0000 - 0x731ec000 	C:\Windows\system32\IPHLPAPI.DLL
0x731c0000 - 0x731c7000 	C:\Windows\system32\WINNSI.DLL
0x70220000 - 0x70226000 	C:\Windows\system32\rasadhlp.dll
0x72e20000 - 0x72e58000 	C:\Windows\System32\fwpuclnt.dll
0x6d000000 - 0x6d14a000 	C:\Program Files\Java\jre6\bin\awt.dll
0x70d80000 - 0x70dd1000 	C:\Windows\system32\WINSPOOL.DRV
0x76e00000 - 0x76f5c000 	C:\Windows\system32\ole32.dll
0x742b0000 - 0x7444e000 	C:\Windows\WinSxS\x86_microsoft.windows.common-controls_6595b64144ccf1df_6.0.7600.16661_none_420fe3fa2b8113bd\COMCTL32.dll
0x73e00000 - 0x73e13000 	C:\Windows\system32\DWMAPI.DLL
0x74130000 - 0x74170000 	C:\Windows\system32\uxtheme.dll
0x6d230000 - 0x6d27f000 	C:\Program Files\Java\jre6\bin\fontmanager.dll
0x75450000 - 0x7545c000 	C:\Windows\system32\CRYPTBASE.dll
0x61950000 - 0x61b13000 	C:\Windows\system32\d3d9.dll
0x74990000 - 0x74999000 	C:\Windows\system32\VERSION.dll
0x61940000 - 0x61946000 	C:\Windows\system32\d3d8thk.dll
0x10000000 - 0x105e4000 	C:\Windows\system32\nvd3dum.dll
0x75d20000 - 0x76969000 	C:\Windows\system32\shell32.dll
0x735c0000 - 0x735d0000 	C:\Windows\system32\NLAapi.dll
0x6ed20000 - 0x6ed28000 	C:\Windows\System32\winrnr.dll
0x6ed10000 - 0x6ed20000 	C:\Windows\system32\napinsp.dll
0x6ecd0000 - 0x6ece2000 	C:\Windows\system32\pnrpnsp.dll
0x6d620000 - 0x6d629000 	C:\Program Files\Java\jre6\bin\nio.dll
0x772c0000 - 0x77343000 	C:\Windows\system32\CLBCatQ.DLL
0x77230000 - 0x772bf000 	C:\Windows\system32\OLEAUT32.dll
0x74f80000 - 0x74f96000 	C:\Windows\system32\CRYPTSP.dll
0x74ea0000 - 0x74edb000 	C:\Windows\system32\rsaenh.dll
0x74af0000 - 0x74b07000 	C:\Windows\system32\USERENV.dll
0x754d0000 - 0x754db000 	C:\Windows\system32\profapi.dll

VM Arguments:
jvm_args: -Dfile.encoding=Cp1252 
java_command: netinf.tools.iomanagement.StarterIoManagementTool --logging scenario2/log4j/managementTool.xml
Launcher Type: SUN_STANDARD

Environment Variables:
PATH=C:/Program Files/Java/jre6/bin/client;C:/Program Files/Java/jre6/bin;C:/Program Files/Java/jre6/lib/i386;C:\Program Files\Common Files\Microsoft Shared\Windows Live;C:\Program Files\PC Connectivity Solution\;C:\Windows\system32;C:\Windows;C:\Windows\System32\Wbem;C:\Windows\System32\WindowsPowerShell\v1.0\;C:\Program Files\GNU\GnuPG\pub;C:\Program Files\Microsoft Network Monitor 3\;C:\Program Files\Windows Live\Shared;C:\Program Files\Mercurial\;C:\Program Files\TortoiseHg\;D:\NetInf\android-sdk-windows\tools;C:\Program Files\OpenVPN\bin
USERNAME=razvan
OS=Windows_NT
PROCESSOR_IDENTIFIER=x86 Family 6 Model 15 Stepping 10, GenuineIntel



---------------  S Y S T E M  ---------------

OS: Windows 7 Build 7600 

CPU:total 2 (2 cores per cpu, 1 threads per core) family 6 model 15 stepping 10, cmov, cx8, fxsr, mmx, sse, sse2, sse3, ssse3

Memory: 4k page, physical 2095148k(310212k free), swap 5130848k(588356k free)

vm_info: Java HotSpot(TM) Client VM (17.1-b03) for windows-x86 JRE (1.6.0_22-b04), built on Sep 15 2010 00:56:36 by "java_re" with MS VC++ 7.1 (VS2003)

time: Wed Nov 17 13:04:30 2010
elapsed time: 1932 seconds

